{"D:\\NodeApp\\ASample\\src\\server.js": {"path":"D:\\NodeApp\\ASample\\src\\server.js","statementMap":{"0":{"start":{"line":1,"column":16},"end":{"line":1,"column":34}},"1":{"start":{"line":2,"column":21},"end":{"line":2,"column":45}},"2":{"start":{"line":3,"column":23},"end":{"line":3,"column":55}},"3":{"start":{"line":4,"column":22},"end":{"line":4,"column":45}},"4":{"start":{"line":5,"column":17},"end":{"line":5,"column":44}},"5":{"start":{"line":6,"column":15},"end":{"line":6,"column":32}},"6":{"start":{"line":9,"column":0},"end":{"line":9,"column":16}},"7":{"start":{"line":10,"column":0},"end":{"line":10,"column":20}},"8":{"start":{"line":11,"column":0},"end":{"line":11,"column":34}},"9":{"start":{"line":12,"column":0},"end":{"line":12,"column":12}},"10":{"start":{"line":14,"column":12},"end":{"line":14,"column":21}},"11":{"start":{"line":17,"column":0},"end":{"line":17,"column":63}},"12":{"start":{"line":18,"column":0},"end":{"line":18,"column":41}},"13":{"start":{"line":19,"column":0},"end":{"line":19,"column":24}},"14":{"start":{"line":20,"column":0},"end":{"line":20,"column":20}},"15":{"start":{"line":23,"column":0},"end":{"line":23,"column":33}},"16":{"start":{"line":25,"column":13},"end":{"line":25,"column":38}},"17":{"start":{"line":26,"column":15},"end":{"line":28,"column":2}},"18":{"start":{"line":27,"column":2},"end":{"line":27,"column":48}},"19":{"start":{"line":29,"column":0},"end":{"line":29,"column":24}}},"fnMap":{"0":{"name":"(anonymous_0)","decl":{"start":{"line":26,"column":32},"end":{"line":26,"column":33}},"loc":{"start":{"line":26,"column":38},"end":{"line":28,"column":1}},"line":26}},"branchMap":{"0":{"loc":{"start":{"line":25,"column":13},"end":{"line":25,"column":38}},"type":"binary-expr","locations":[{"start":{"line":25,"column":13},"end":{"line":25,"column":30}},{"start":{"line":25,"column":34},"end":{"line":25,"column":38}}],"line":25}},"s":{"0":2,"1":2,"2":2,"3":2,"4":2,"5":2,"6":2,"7":2,"8":2,"9":2,"10":2,"11":2,"12":2,"13":2,"14":2,"15":2,"16":2,"17":2,"18":2,"19":2},"f":{"0":2},"b":{"0":[2,0]},"_coverageSchema":"1a1c01bbd47fc00a2c39e90264f33305004495a9","hash":"c3ae39e5ef81b517219235089b2b6eed8f3a7dd3"}
,"D:\\NodeApp\\ASample\\src\\middlewares\\accountVerify.js": {"path":"D:\\NodeApp\\ASample\\src\\middlewares\\accountVerify.js","statementMap":{"0":{"start":{"line":3,"column":26},"end":{"line":3,"column":55}},"1":{"start":{"line":5,"column":0},"end":{"line":20,"column":2}},"2":{"start":{"line":6,"column":2},"end":{"line":19,"column":3}},"3":{"start":{"line":7,"column":23},"end":{"line":7,"column":42}},"4":{"start":{"line":9,"column":4},"end":{"line":12,"column":5}},"5":{"start":{"line":10,"column":6},"end":{"line":10,"column":69}},"6":{"start":{"line":11,"column":6},"end":{"line":11,"column":13}},"7":{"start":{"line":15,"column":4},"end":{"line":15,"column":11}},"8":{"start":{"line":17,"column":4},"end":{"line":17,"column":64}},"9":{"start":{"line":18,"column":4},"end":{"line":18,"column":11}}},"fnMap":{"0":{"name":"(anonymous_0)","decl":{"start":{"line":5,"column":17},"end":{"line":5,"column":18}},"loc":{"start":{"line":5,"column":43},"end":{"line":20,"column":1}},"line":5}},"branchMap":{"0":{"loc":{"start":{"line":9,"column":4},"end":{"line":12,"column":5}},"type":"if","locations":[{"start":{"line":9,"column":4},"end":{"line":12,"column":5}},{"start":{},"end":{}}],"line":9}},"s":{"0":2,"1":2,"2":31,"3":31,"4":31,"5":0,"6":0,"7":31,"8":0,"9":0},"f":{"0":31},"b":{"0":[0,31]},"_coverageSchema":"1a1c01bbd47fc00a2c39e90264f33305004495a9","hash":"c1d666fd28f67b3672accc897ee750ca02585a08"}
,"D:\\NodeApp\\ASample\\src\\middlewares\\auth.js": {"path":"D:\\NodeApp\\ASample\\src\\middlewares\\auth.js","statementMap":{"0":{"start":{"line":1,"column":12},"end":{"line":1,"column":35}},"1":{"start":{"line":2,"column":17},"end":{"line":2,"column":36}},"2":{"start":{"line":3,"column":26},"end":{"line":3,"column":55}},"3":{"start":{"line":5,"column":18},"end":{"line":5,"column":45}},"4":{"start":{"line":7,"column":0},"end":{"line":51,"column":2}},"5":{"start":{"line":10,"column":19},"end":{"line":10,"column":43}},"6":{"start":{"line":11,"column":2},"end":{"line":14,"column":3}},"7":{"start":{"line":12,"column":4},"end":{"line":12,"column":69}},"8":{"start":{"line":13,"column":4},"end":{"line":13,"column":11}},"9":{"start":{"line":17,"column":2},"end":{"line":17,"column":33}},"10":{"start":{"line":19,"column":16},"end":{"line":19,"column":20}},"11":{"start":{"line":20,"column":2},"end":{"line":25,"column":3}},"12":{"start":{"line":21,"column":4},"end":{"line":21,"column":62}},"13":{"start":{"line":23,"column":4},"end":{"line":23,"column":68}},"14":{"start":{"line":24,"column":4},"end":{"line":24,"column":11}},"15":{"start":{"line":27,"column":2},"end":{"line":50,"column":3}},"16":{"start":{"line":28,"column":19},"end":{"line":28,"column":33}},"17":{"start":{"line":30,"column":4},"end":{"line":33,"column":5}},"18":{"start":{"line":31,"column":6},"end":{"line":31,"column":71}},"19":{"start":{"line":32,"column":6},"end":{"line":32,"column":13}},"20":{"start":{"line":34,"column":17},"end":{"line":34,"column":64}},"21":{"start":{"line":35,"column":4},"end":{"line":38,"column":5}},"22":{"start":{"line":36,"column":6},"end":{"line":36,"column":72}},"23":{"start":{"line":37,"column":6},"end":{"line":37,"column":13}},"24":{"start":{"line":40,"column":4},"end":{"line":40,"column":20}},"25":{"start":{"line":41,"column":4},"end":{"line":41,"column":26}},"26":{"start":{"line":42,"column":4},"end":{"line":42,"column":27}},"27":{"start":{"line":45,"column":4},"end":{"line":45,"column":11}},"28":{"start":{"line":48,"column":4},"end":{"line":48,"column":65}},"29":{"start":{"line":49,"column":4},"end":{"line":49,"column":11}}},"fnMap":{"0":{"name":"(anonymous_0)","decl":{"start":{"line":7,"column":17},"end":{"line":7,"column":18}},"loc":{"start":{"line":7,"column":43},"end":{"line":51,"column":1}},"line":7}},"branchMap":{"0":{"loc":{"start":{"line":11,"column":2},"end":{"line":14,"column":3}},"type":"if","locations":[{"start":{"line":11,"column":2},"end":{"line":14,"column":3}},{"start":{},"end":{}}],"line":11},"1":{"loc":{"start":{"line":30,"column":4},"end":{"line":33,"column":5}},"type":"if","locations":[{"start":{"line":30,"column":4},"end":{"line":33,"column":5}},{"start":{},"end":{}}],"line":30},"2":{"loc":{"start":{"line":35,"column":4},"end":{"line":38,"column":5}},"type":"if","locations":[{"start":{"line":35,"column":4},"end":{"line":38,"column":5}},{"start":{},"end":{}}],"line":35}},"s":{"0":2,"1":2,"2":2,"3":2,"4":2,"5":31,"6":31,"7":0,"8":0,"9":31,"10":31,"11":31,"12":31,"13":0,"14":0,"15":31,"16":31,"17":31,"18":0,"19":0,"20":31,"21":31,"22":0,"23":0,"24":31,"25":31,"26":31,"27":31,"28":0,"29":0},"f":{"0":31},"b":{"0":[0,31],"1":[0,31],"2":[0,31]},"_coverageSchema":"1a1c01bbd47fc00a2c39e90264f33305004495a9","hash":"8012a096499bab34d2a6745e7dc12bcbcb1720dc"}
,"D:\\NodeApp\\ASample\\src\\middlewares\\errorHandler.js": {"path":"D:\\NodeApp\\ASample\\src\\middlewares\\errorHandler.js","statementMap":{"0":{"start":{"line":1,"column":26},"end":{"line":1,"column":55}},"1":{"start":{"line":2,"column":0},"end":{"line":4,"column":2}},"2":{"start":{"line":3,"column":2},"end":{"line":3,"column":65}}},"fnMap":{"0":{"name":"(anonymous_0)","decl":{"start":{"line":2,"column":23},"end":{"line":2,"column":24}},"loc":{"start":{"line":2,"column":48},"end":{"line":4,"column":1}},"line":2}},"branchMap":{},"s":{"0":2,"1":2,"2":0},"f":{"0":0},"b":{},"_coverageSchema":"1a1c01bbd47fc00a2c39e90264f33305004495a9","hash":"48a0e747387b92d3818f84ebc056799f7fce4b27"}
,"D:\\NodeApp\\ASample\\src\\middlewares\\headers.js": {"path":"D:\\NodeApp\\ASample\\src\\middlewares\\headers.js","statementMap":{"0":{"start":{"line":1,"column":0},"end":{"line":6,"column":2}},"1":{"start":{"line":2,"column":2},"end":{"line":2,"column":52}},"2":{"start":{"line":3,"column":2},"end":{"line":3,"column":74}},"3":{"start":{"line":4,"column":2},"end":{"line":4,"column":79}},"4":{"start":{"line":5,"column":2},"end":{"line":5,"column":9}}},"fnMap":{"0":{"name":"(anonymous_0)","decl":{"start":{"line":1,"column":21},"end":{"line":1,"column":22}},"loc":{"start":{"line":1,"column":41},"end":{"line":6,"column":1}},"line":1}},"branchMap":{},"s":{"0":2,"1":39,"2":39,"3":39,"4":39},"f":{"0":39},"b":{},"_coverageSchema":"1a1c01bbd47fc00a2c39e90264f33305004495a9","hash":"b1ca7c017e7e1f6d64be63c1f2c2424ff2fb1866"}
,"D:\\NodeApp\\ASample\\src\\middlewares\\notFoundPath.js": {"path":"D:\\NodeApp\\ASample\\src\\middlewares\\notFoundPath.js","statementMap":{"0":{"start":{"line":1,"column":0},"end":{"line":6,"column":2}},"1":{"start":{"line":2,"column":2},"end":{"line":2,"column":43}},"2":{"start":{"line":3,"column":2},"end":{"line":5,"column":76}}},"fnMap":{"0":{"name":"(anonymous_0)","decl":{"start":{"line":1,"column":17},"end":{"line":1,"column":18}},"loc":{"start":{"line":1,"column":38},"end":{"line":6,"column":1}},"line":1}},"branchMap":{},"s":{"0":2,"1":0,"2":0},"f":{"0":0},"b":{},"_coverageSchema":"1a1c01bbd47fc00a2c39e90264f33305004495a9","hash":"d9cbb7efe7bb2a9e857f2cd8bce90f594811f3e2"}
,"D:\\NodeApp\\ASample\\src\\models\\Product.js": {"path":"D:\\NodeApp\\ASample\\src\\models\\Product.js","statementMap":{"0":{"start":{"line":1,"column":17},"end":{"line":1,"column":36}},"1":{"start":{"line":3,"column":22},"end":{"line":25,"column":2}},"2":{"start":{"line":27,"column":14},"end":{"line":27,"column":54}},"3":{"start":{"line":29,"column":0},"end":{"line":29,"column":23}}},"fnMap":{},"branchMap":{},"s":{"0":2,"1":2,"2":2,"3":2},"f":{},"b":{},"_coverageSchema":"1a1c01bbd47fc00a2c39e90264f33305004495a9","hash":"d9f682c5372bbadfc0315ce3c18a8d6f4c8b35e3"}
,"D:\\NodeApp\\ASample\\src\\models\\User.js": {"path":"D:\\NodeApp\\ASample\\src\\models\\User.js","statementMap":{"0":{"start":{"line":1,"column":17},"end":{"line":1,"column":36}},"1":{"start":{"line":2,"column":15},"end":{"line":2,"column":34}},"2":{"start":{"line":4,"column":15},"end":{"line":45,"column":1}},"3":{"start":{"line":48,"column":0},"end":{"line":55,"column":3}},"4":{"start":{"line":49,"column":2},"end":{"line":54,"column":3}},"5":{"start":{"line":51,"column":4},"end":{"line":51,"column":11}},"6":{"start":{"line":53,"column":4},"end":{"line":53,"column":14}},"7":{"start":{"line":57,"column":14},"end":{"line":57,"column":44}},"8":{"start":{"line":59,"column":0},"end":{"line":59,"column":23}}},"fnMap":{"0":{"name":"(anonymous_0)","decl":{"start":{"line":48,"column":20},"end":{"line":48,"column":21}},"loc":{"start":{"line":48,"column":42},"end":{"line":55,"column":1}},"line":48}},"branchMap":{},"s":{"0":2,"1":2,"2":2,"3":2,"4":3,"5":3,"6":0,"7":2,"8":2},"f":{"0":3},"b":{},"_coverageSchema":"1a1c01bbd47fc00a2c39e90264f33305004495a9","hash":"8b050fa858a230ee2622e9c10c6d447077e5516a"}
,"D:\\NodeApp\\ASample\\src\\modules\\auth\\auth.controller.js": {"path":"D:\\NodeApp\\ASample\\src\\modules\\auth\\auth.controller.js","statementMap":{"0":{"start":{"line":1,"column":12},"end":{"line":1,"column":35}},"1":{"start":{"line":2,"column":15},"end":{"line":2,"column":34}},"2":{"start":{"line":3,"column":15},"end":{"line":3,"column":32}},"3":{"start":{"line":4,"column":15},"end":{"line":4,"column":46}},"4":{"start":{"line":6,"column":43},"end":{"line":6,"column":75}},"5":{"start":{"line":8,"column":35},"end":{"line":8,"column":80}},"6":{"start":{"line":10,"column":18},"end":{"line":10,"column":48}},"7":{"start":{"line":18,"column":4},"end":{"line":18,"column":31}},"8":{"start":{"line":22,"column":0},"end":{"line":93,"column":4}},"9":{"start":{"line":25,"column":45},"end":{"line":25,"column":53}},"10":{"start":{"line":27,"column":18},"end":{"line":27,"column":80}},"11":{"start":{"line":30,"column":2},"end":{"line":30,"column":50}},"12":{"start":{"line":30,"column":43},"end":{"line":30,"column":50}},"13":{"start":{"line":33,"column":2},"end":{"line":92,"column":3}},"14":{"start":{"line":34,"column":22},"end":{"line":34,"column":64}},"15":{"start":{"line":36,"column":4},"end":{"line":39,"column":5}},"16":{"start":{"line":37,"column":6},"end":{"line":37,"column":58}},"17":{"start":{"line":38,"column":6},"end":{"line":38,"column":13}},"18":{"start":{"line":43,"column":30},"end":{"line":43,"column":74}},"19":{"start":{"line":47,"column":25},"end":{"line":47,"column":56}},"20":{"start":{"line":48,"column":15},"end":{"line":51,"column":6}},"21":{"start":{"line":53,"column":4},"end":{"line":53,"column":29}},"22":{"start":{"line":54,"column":4},"end":{"line":57,"column":5}},"23":{"start":{"line":55,"column":6},"end":{"line":55,"column":55}},"24":{"start":{"line":56,"column":6},"end":{"line":56,"column":13}},"25":{"start":{"line":61,"column":4},"end":{"line":61,"column":24}},"26":{"start":{"line":62,"column":24},"end":{"line":72,"column":5}},"27":{"start":{"line":74,"column":4},"end":{"line":79,"column":5}},"28":{"start":{"line":75,"column":7},"end":{"line":75,"column":43}},"29":{"start":{"line":77,"column":8},"end":{"line":77,"column":67}},"30":{"start":{"line":78,"column":8},"end":{"line":78,"column":15}},"31":{"start":{"line":83,"column":4},"end":{"line":86,"column":7}},"32":{"start":{"line":87,"column":4},"end":{"line":87,"column":11}},"33":{"start":{"line":90,"column":4},"end":{"line":90,"column":56}},"34":{"start":{"line":91,"column":4},"end":{"line":91,"column":11}},"35":{"start":{"line":95,"column":0},"end":{"line":141,"column":2}},"36":{"start":{"line":99,"column":2},"end":{"line":140,"column":3}},"37":{"start":{"line":100,"column":32},"end":{"line":100,"column":40}},"38":{"start":{"line":102,"column":19},"end":{"line":104,"column":5}},"39":{"start":{"line":105,"column":4},"end":{"line":105,"column":52}},"40":{"start":{"line":105,"column":45},"end":{"line":105,"column":52}},"41":{"start":{"line":108,"column":17},"end":{"line":108,"column":58}},"42":{"start":{"line":110,"column":4},"end":{"line":113,"column":5}},"43":{"start":{"line":111,"column":6},"end":{"line":111,"column":53}},"44":{"start":{"line":112,"column":6},"end":{"line":112,"column":13}},"45":{"start":{"line":115,"column":28},"end":{"line":115,"column":73}},"46":{"start":{"line":117,"column":4},"end":{"line":120,"column":5}},"47":{"start":{"line":118,"column":6},"end":{"line":118,"column":65}},"48":{"start":{"line":119,"column":6},"end":{"line":119,"column":13}},"49":{"start":{"line":123,"column":24},"end":{"line":125,"column":51}},"50":{"start":{"line":129,"column":4},"end":{"line":134,"column":7}},"51":{"start":{"line":135,"column":4},"end":{"line":135,"column":11}},"52":{"start":{"line":138,"column":4},"end":{"line":138,"column":62}},"53":{"start":{"line":139,"column":4},"end":{"line":139,"column":11}},"54":{"start":{"line":144,"column":0},"end":{"line":189,"column":2}},"55":{"start":{"line":147,"column":45},"end":{"line":147,"column":53}},"56":{"start":{"line":148,"column":17},"end":{"line":150,"column":3}},"57":{"start":{"line":151,"column":2},"end":{"line":151,"column":50}},"58":{"start":{"line":151,"column":43},"end":{"line":151,"column":50}},"59":{"start":{"line":153,"column":2},"end":{"line":188,"column":3}},"60":{"start":{"line":156,"column":4},"end":{"line":160,"column":14}},"61":{"start":{"line":161,"column":4},"end":{"line":164,"column":5}},"62":{"start":{"line":162,"column":6},"end":{"line":162,"column":112}},"63":{"start":{"line":163,"column":6},"end":{"line":163,"column":13}},"64":{"start":{"line":165,"column":25},"end":{"line":165,"column":59}},"65":{"start":{"line":166,"column":4},"end":{"line":172,"column":8}},"66":{"start":{"line":173,"column":4},"end":{"line":176,"column":5}},"67":{"start":{"line":174,"column":6},"end":{"line":174,"column":66}},"68":{"start":{"line":175,"column":6},"end":{"line":175,"column":13}},"69":{"start":{"line":177,"column":4},"end":{"line":182,"column":9}},"70":{"start":{"line":183,"column":4},"end":{"line":183,"column":11}},"71":{"start":{"line":186,"column":4},"end":{"line":186,"column":54}},"72":{"start":{"line":187,"column":4},"end":{"line":187,"column":11}},"73":{"start":{"line":191,"column":0},"end":{"line":255,"column":2}},"74":{"start":{"line":195,"column":20},"end":{"line":195,"column":28}},"75":{"start":{"line":196,"column":17},"end":{"line":196,"column":52}},"76":{"start":{"line":197,"column":2},"end":{"line":197,"column":50}},"77":{"start":{"line":197,"column":43},"end":{"line":197,"column":50}},"78":{"start":{"line":199,"column":2},"end":{"line":254,"column":3}},"79":{"start":{"line":200,"column":17},"end":{"line":200,"column":58}},"80":{"start":{"line":201,"column":4},"end":{"line":204,"column":5}},"81":{"start":{"line":202,"column":6},"end":{"line":202,"column":55}},"82":{"start":{"line":203,"column":6},"end":{"line":203,"column":13}},"83":{"start":{"line":206,"column":18},"end":{"line":206,"column":62}},"84":{"start":{"line":209,"column":24},"end":{"line":214,"column":5}},"85":{"start":{"line":215,"column":4},"end":{"line":218,"column":5}},"86":{"start":{"line":216,"column":6},"end":{"line":216,"column":56}},"87":{"start":{"line":217,"column":6},"end":{"line":217,"column":13}},"88":{"start":{"line":222,"column":4},"end":{"line":222,"column":24}},"89":{"start":{"line":223,"column":24},"end":{"line":234,"column":5}},"90":{"start":{"line":236,"column":4},"end":{"line":241,"column":5}},"91":{"start":{"line":237,"column":6},"end":{"line":237,"column":42}},"92":{"start":{"line":239,"column":6},"end":{"line":239,"column":65}},"93":{"start":{"line":240,"column":6},"end":{"line":240,"column":13}},"94":{"start":{"line":243,"column":4},"end":{"line":248,"column":9}},"95":{"start":{"line":249,"column":4},"end":{"line":249,"column":11}},"96":{"start":{"line":252,"column":4},"end":{"line":252,"column":55}},"97":{"start":{"line":253,"column":4},"end":{"line":253,"column":11}},"98":{"start":{"line":257,"column":0},"end":{"line":306,"column":2}},"99":{"start":{"line":260,"column":27},"end":{"line":260,"column":36}},"100":{"start":{"line":262,"column":17},"end":{"line":264,"column":3}},"101":{"start":{"line":265,"column":0},"end":{"line":265,"column":2}},"102":{"start":{"line":266,"column":2},"end":{"line":266,"column":50}},"103":{"start":{"line":266,"column":43},"end":{"line":266,"column":50}},"104":{"start":{"line":271,"column":2},"end":{"line":305,"column":3}},"105":{"start":{"line":274,"column":4},"end":{"line":277,"column":7}},"106":{"start":{"line":280,"column":4},"end":{"line":283,"column":5}},"107":{"start":{"line":281,"column":6},"end":{"line":281,"column":72}},"108":{"start":{"line":282,"column":6},"end":{"line":282,"column":13}},"109":{"start":{"line":287,"column":4},"end":{"line":287,"column":77}},"110":{"start":{"line":288,"column":4},"end":{"line":291,"column":5}},"111":{"start":{"line":289,"column":6},"end":{"line":289,"column":58}},"112":{"start":{"line":290,"column":6},"end":{"line":290,"column":13}},"113":{"start":{"line":294,"column":4},"end":{"line":299,"column":9}},"114":{"start":{"line":300,"column":4},"end":{"line":300,"column":11}},"115":{"start":{"line":303,"column":4},"end":{"line":303,"column":56}},"116":{"start":{"line":304,"column":4},"end":{"line":304,"column":11}}},"fnMap":{"0":{"name":"(anonymous_0)","decl":{"start":{"line":22,"column":19},"end":{"line":22,"column":20}},"loc":{"start":{"line":22,"column":45},"end":{"line":93,"column":3}},"line":22},"1":{"name":"(anonymous_1)","decl":{"start":{"line":95,"column":16},"end":{"line":95,"column":17}},"loc":{"start":{"line":95,"column":42},"end":{"line":141,"column":1}},"line":95},"2":{"name":"(anonymous_2)","decl":{"start":{"line":144,"column":22},"end":{"line":144,"column":23}},"loc":{"start":{"line":144,"column":48},"end":{"line":189,"column":1}},"line":144},"3":{"name":"(anonymous_3)","decl":{"start":{"line":191,"column":24},"end":{"line":191,"column":25}},"loc":{"start":{"line":191,"column":50},"end":{"line":255,"column":1}},"line":191},"4":{"name":"(anonymous_4)","decl":{"start":{"line":257,"column":22},"end":{"line":257,"column":23}},"loc":{"start":{"line":257,"column":48},"end":{"line":306,"column":1}},"line":257}},"branchMap":{"0":{"loc":{"start":{"line":30,"column":2},"end":{"line":30,"column":50}},"type":"if","locations":[{"start":{"line":30,"column":2},"end":{"line":30,"column":50}},{"start":{},"end":{}}],"line":30},"1":{"loc":{"start":{"line":36,"column":4},"end":{"line":39,"column":5}},"type":"if","locations":[{"start":{"line":36,"column":4},"end":{"line":39,"column":5}},{"start":{},"end":{}}],"line":36},"2":{"loc":{"start":{"line":54,"column":4},"end":{"line":57,"column":5}},"type":"if","locations":[{"start":{"line":54,"column":4},"end":{"line":57,"column":5}},{"start":{},"end":{}}],"line":54},"3":{"loc":{"start":{"line":105,"column":4},"end":{"line":105,"column":52}},"type":"if","locations":[{"start":{"line":105,"column":4},"end":{"line":105,"column":52}},{"start":{},"end":{}}],"line":105},"4":{"loc":{"start":{"line":110,"column":4},"end":{"line":113,"column":5}},"type":"if","locations":[{"start":{"line":110,"column":4},"end":{"line":113,"column":5}},{"start":{},"end":{}}],"line":110},"5":{"loc":{"start":{"line":117,"column":4},"end":{"line":120,"column":5}},"type":"if","locations":[{"start":{"line":117,"column":4},"end":{"line":120,"column":5}},{"start":{},"end":{}}],"line":117},"6":{"loc":{"start":{"line":151,"column":2},"end":{"line":151,"column":50}},"type":"if","locations":[{"start":{"line":151,"column":2},"end":{"line":151,"column":50}},{"start":{},"end":{}}],"line":151},"7":{"loc":{"start":{"line":161,"column":4},"end":{"line":164,"column":5}},"type":"if","locations":[{"start":{"line":161,"column":4},"end":{"line":164,"column":5}},{"start":{},"end":{}}],"line":161},"8":{"loc":{"start":{"line":173,"column":4},"end":{"line":176,"column":5}},"type":"if","locations":[{"start":{"line":173,"column":4},"end":{"line":176,"column":5}},{"start":{},"end":{}}],"line":173},"9":{"loc":{"start":{"line":197,"column":2},"end":{"line":197,"column":50}},"type":"if","locations":[{"start":{"line":197,"column":2},"end":{"line":197,"column":50}},{"start":{},"end":{}}],"line":197},"10":{"loc":{"start":{"line":201,"column":4},"end":{"line":204,"column":5}},"type":"if","locations":[{"start":{"line":201,"column":4},"end":{"line":204,"column":5}},{"start":{},"end":{}}],"line":201},"11":{"loc":{"start":{"line":215,"column":4},"end":{"line":218,"column":5}},"type":"if","locations":[{"start":{"line":215,"column":4},"end":{"line":218,"column":5}},{"start":{},"end":{}}],"line":215},"12":{"loc":{"start":{"line":266,"column":2},"end":{"line":266,"column":50}},"type":"if","locations":[{"start":{"line":266,"column":2},"end":{"line":266,"column":50}},{"start":{},"end":{}}],"line":266},"13":{"loc":{"start":{"line":280,"column":4},"end":{"line":283,"column":5}},"type":"if","locations":[{"start":{"line":280,"column":4},"end":{"line":283,"column":5}},{"start":{},"end":{}}],"line":280},"14":{"loc":{"start":{"line":288,"column":4},"end":{"line":291,"column":5}},"type":"if","locations":[{"start":{"line":288,"column":4},"end":{"line":291,"column":5}},{"start":{},"end":{}}],"line":288}},"s":{"0":2,"1":2,"2":2,"3":2,"4":2,"5":2,"6":2,"7":2,"8":2,"9":3,"10":3,"11":3,"12":0,"13":3,"14":3,"15":3,"16":0,"17":0,"18":3,"19":3,"20":3,"21":3,"22":3,"23":0,"24":0,"25":3,"26":3,"27":3,"28":3,"29":0,"30":0,"31":3,"32":3,"33":0,"34":0,"35":2,"36":2,"37":2,"38":2,"39":2,"40":0,"41":2,"42":2,"43":0,"44":0,"45":2,"46":2,"47":0,"48":0,"49":2,"50":2,"51":2,"52":0,"53":0,"54":2,"55":0,"56":0,"57":0,"58":0,"59":0,"60":0,"61":0,"62":0,"63":0,"64":0,"65":0,"66":0,"67":0,"68":0,"69":0,"70":0,"71":0,"72":0,"73":2,"74":0,"75":0,"76":0,"77":0,"78":0,"79":0,"80":0,"81":0,"82":0,"83":0,"84":0,"85":0,"86":0,"87":0,"88":0,"89":0,"90":0,"91":0,"92":0,"93":0,"94":0,"95":0,"96":0,"97":0,"98":2,"99":3,"100":3,"101":3,"102":3,"103":0,"104":3,"105":3,"106":3,"107":1,"108":1,"109":2,"110":2,"111":0,"112":0,"113":2,"114":2,"115":0,"116":0},"f":{"0":3,"1":2,"2":0,"3":0,"4":3},"b":{"0":[0,3],"1":[0,3],"2":[0,3],"3":[0,2],"4":[0,2],"5":[0,2],"6":[0,0],"7":[0,0],"8":[0,0],"9":[0,0],"10":[0,0],"11":[0,0],"12":[0,3],"13":[1,2],"14":[0,2]},"_coverageSchema":"1a1c01bbd47fc00a2c39e90264f33305004495a9","hash":"9c0c735fe00d37dc423dc73fe3cec2a8a957ff4e"}
,"D:\\NodeApp\\ASample\\src\\modules\\auth\\auth.routes.js": {"path":"D:\\NodeApp\\ASample\\src\\modules\\auth\\auth.routes.js","statementMap":{"0":{"start":{"line":1,"column":16},"end":{"line":1,"column":34}},"1":{"start":{"line":2,"column":19},"end":{"line":2,"column":81}},"2":{"start":{"line":5,"column":15},"end":{"line":5,"column":31}},"3":{"start":{"line":7,"column":0},"end":{"line":9,"column":29}},"4":{"start":{"line":11,"column":0},"end":{"line":13,"column":26}},"5":{"start":{"line":15,"column":0},"end":{"line":17,"column":31}},"6":{"start":{"line":19,"column":0},"end":{"line":21,"column":34}},"7":{"start":{"line":23,"column":0},"end":{"line":25,"column":32}},"8":{"start":{"line":27,"column":0},"end":{"line":27,"column":24}}},"fnMap":{},"branchMap":{},"s":{"0":2,"1":2,"2":2,"3":2,"4":2,"5":2,"6":2,"7":2,"8":2},"f":{},"b":{},"_coverageSchema":"1a1c01bbd47fc00a2c39e90264f33305004495a9","hash":"a73cc5f39b371a36f8d31bc8df968bee7b23b555"}
,"D:\\NodeApp\\ASample\\src\\modules\\auth\\auth.validator.js": {"path":"D:\\NodeApp\\ASample\\src\\modules\\auth\\auth.validator.js","statementMap":{"0":{"start":{"line":1,"column":12},"end":{"line":1,"column":26}},"1":{"start":{"line":3,"column":0},"end":{"line":13,"column":3}},"2":{"start":{"line":15,"column":0},"end":{"line":20,"column":3}},"3":{"start":{"line":22,"column":0},"end":{"line":30,"column":3}},"4":{"start":{"line":32,"column":0},"end":{"line":35,"column":3}},"5":{"start":{"line":37,"column":0},"end":{"line":44,"column":3}}},"fnMap":{},"branchMap":{},"s":{"0":2,"1":2,"2":2,"3":2,"4":2,"5":2},"f":{},"b":{},"_coverageSchema":"1a1c01bbd47fc00a2c39e90264f33305004495a9","hash":"6b5957032b3677dda3dcb40a3a3c13ad03e0f782"}
,"D:\\NodeApp\\ASample\\src\\modules\\product\\product.controller.js": {"path":"D:\\NodeApp\\ASample\\src\\modules\\product\\product.controller.js","statementMap":{"0":{"start":{"line":2,"column":43},"end":{"line":2,"column":75}},"1":{"start":{"line":3,"column":35},"end":{"line":3,"column":80}},"2":{"start":{"line":5,"column":21},"end":{"line":5,"column":54}},"3":{"start":{"line":9,"column":10},"end":{"line":9,"column":41}},"4":{"start":{"line":18,"column":0},"end":{"line":21,"column":1}},"5":{"start":{"line":19,"column":2},"end":{"line":19,"column":35}},"6":{"start":{"line":20,"column":2},"end":{"line":20,"column":9}},"7":{"start":{"line":22,"column":0},"end":{"line":25,"column":1}},"8":{"start":{"line":23,"column":2},"end":{"line":23,"column":35}},"9":{"start":{"line":24,"column":2},"end":{"line":24,"column":9}},"10":{"start":{"line":26,"column":25},"end":{"line":47,"column":1}},"11":{"start":{"line":27,"column":2},"end":{"line":46,"column":3}},"12":{"start":{"line":28,"column":4},"end":{"line":28,"column":26}},"13":{"start":{"line":30,"column":24},"end":{"line":30,"column":25}},"14":{"start":{"line":31,"column":4},"end":{"line":34,"column":67}},"15":{"start":{"line":32,"column":6},"end":{"line":32,"column":66}},"16":{"start":{"line":34,"column":6},"end":{"line":34,"column":67}},"17":{"start":{"line":36,"column":4},"end":{"line":40,"column":9}},"18":{"start":{"line":41,"column":4},"end":{"line":41,"column":11}},"19":{"start":{"line":44,"column":4},"end":{"line":44,"column":56}},"20":{"start":{"line":45,"column":4},"end":{"line":45,"column":11}},"21":{"start":{"line":53,"column":0},"end":{"line":56,"column":1}},"22":{"start":{"line":54,"column":2},"end":{"line":54,"column":30}},"23":{"start":{"line":55,"column":2},"end":{"line":55,"column":9}},"24":{"start":{"line":57,"column":0},"end":{"line":60,"column":1}},"25":{"start":{"line":58,"column":2},"end":{"line":58,"column":29}},"26":{"start":{"line":59,"column":2},"end":{"line":59,"column":9}},"27":{"start":{"line":61,"column":0},"end":{"line":99,"column":2}},"28":{"start":{"line":62,"column":25},"end":{"line":62,"column":33}},"29":{"start":{"line":63,"column":17},"end":{"line":63,"column":29}},"30":{"start":{"line":65,"column":17},"end":{"line":67,"column":3}},"31":{"start":{"line":73,"column":2},"end":{"line":75,"column":3}},"32":{"start":{"line":74,"column":4},"end":{"line":74,"column":11}},"33":{"start":{"line":77,"column":2},"end":{"line":98,"column":3}},"34":{"start":{"line":80,"column":15},"end":{"line":80,"column":32}},"35":{"start":{"line":81,"column":4},"end":{"line":86,"column":79}},"36":{"start":{"line":82,"column":6},"end":{"line":83,"column":69}},"37":{"start":{"line":85,"column":6},"end":{"line":86,"column":79}},"38":{"start":{"line":89,"column":4},"end":{"line":92,"column":7}},"39":{"start":{"line":93,"column":4},"end":{"line":93,"column":11}},"40":{"start":{"line":96,"column":4},"end":{"line":96,"column":56}},"41":{"start":{"line":97,"column":4},"end":{"line":97,"column":11}},"42":{"start":{"line":105,"column":0},"end":{"line":155,"column":2}},"43":{"start":{"line":111,"column":39},"end":{"line":111,"column":47}},"44":{"start":{"line":112,"column":17},"end":{"line":112,"column":29}},"45":{"start":{"line":114,"column":17},"end":{"line":116,"column":4}},"46":{"start":{"line":120,"column":2},"end":{"line":123,"column":3}},"47":{"start":{"line":122,"column":4},"end":{"line":122,"column":11}},"48":{"start":{"line":125,"column":2},"end":{"line":154,"column":3}},"49":{"start":{"line":127,"column":26},"end":{"line":128,"column":31}},"50":{"start":{"line":130,"column":4},"end":{"line":133,"column":5}},"51":{"start":{"line":131,"column":6},"end":{"line":131,"column":65}},"52":{"start":{"line":132,"column":6},"end":{"line":132,"column":13}},"53":{"start":{"line":136,"column":18},"end":{"line":138,"column":6}},"54":{"start":{"line":139,"column":19},"end":{"line":139,"column":39}},"55":{"start":{"line":140,"column":4},"end":{"line":143,"column":5}},"56":{"start":{"line":141,"column":6},"end":{"line":141,"column":66}},"57":{"start":{"line":142,"column":6},"end":{"line":142,"column":13}},"58":{"start":{"line":145,"column":4},"end":{"line":148,"column":7}},"59":{"start":{"line":149,"column":4},"end":{"line":149,"column":11}},"60":{"start":{"line":152,"column":4},"end":{"line":152,"column":56}},"61":{"start":{"line":153,"column":4},"end":{"line":153,"column":11}},"62":{"start":{"line":157,"column":0},"end":{"line":202,"column":2}},"63":{"start":{"line":162,"column":26},"end":{"line":162,"column":34}},"64":{"start":{"line":163,"column":17},"end":{"line":163,"column":29}},"65":{"start":{"line":165,"column":17},"end":{"line":165,"column":64}},"66":{"start":{"line":169,"column":2},"end":{"line":171,"column":3}},"67":{"start":{"line":170,"column":4},"end":{"line":170,"column":11}},"68":{"start":{"line":173,"column":2},"end":{"line":201,"column":3}},"69":{"start":{"line":175,"column":26},"end":{"line":176,"column":30}},"70":{"start":{"line":178,"column":4},"end":{"line":181,"column":5}},"71":{"start":{"line":179,"column":6},"end":{"line":179,"column":66}},"72":{"start":{"line":180,"column":6},"end":{"line":180,"column":13}},"73":{"start":{"line":184,"column":23},"end":{"line":185,"column":30}},"74":{"start":{"line":187,"column":4},"end":{"line":190,"column":5}},"75":{"start":{"line":188,"column":6},"end":{"line":188,"column":66}},"76":{"start":{"line":189,"column":6},"end":{"line":189,"column":13}},"77":{"start":{"line":192,"column":4},"end":{"line":195,"column":7}},"78":{"start":{"line":196,"column":4},"end":{"line":196,"column":11}},"79":{"start":{"line":199,"column":4},"end":{"line":199,"column":56}},"80":{"start":{"line":200,"column":4},"end":{"line":200,"column":11}}},"fnMap":{"0":{"name":"(anonymous_0)","decl":{"start":{"line":18,"column":27},"end":{"line":18,"column":28}},"loc":{"start":{"line":18,"column":53},"end":{"line":21,"column":1}},"line":18},"1":{"name":"(anonymous_1)","decl":{"start":{"line":22,"column":28},"end":{"line":22,"column":29}},"loc":{"start":{"line":22,"column":54},"end":{"line":25,"column":1}},"line":22},"2":{"name":"(anonymous_2)","decl":{"start":{"line":26,"column":25},"end":{"line":26,"column":26}},"loc":{"start":{"line":26,"column":59},"end":{"line":47,"column":1}},"line":26},"3":{"name":"(anonymous_3)","decl":{"start":{"line":53,"column":23},"end":{"line":53,"column":24}},"loc":{"start":{"line":53,"column":49},"end":{"line":56,"column":1}},"line":53},"4":{"name":"(anonymous_4)","decl":{"start":{"line":57,"column":22},"end":{"line":57,"column":23}},"loc":{"start":{"line":57,"column":48},"end":{"line":60,"column":1}},"line":57},"5":{"name":"(anonymous_5)","decl":{"start":{"line":61,"column":14},"end":{"line":61,"column":15}},"loc":{"start":{"line":61,"column":53},"end":{"line":99,"column":1}},"line":61},"6":{"name":"(anonymous_6)","decl":{"start":{"line":105,"column":21},"end":{"line":105,"column":22}},"loc":{"start":{"line":105,"column":47},"end":{"line":155,"column":1}},"line":105},"7":{"name":"(anonymous_7)","decl":{"start":{"line":157,"column":28},"end":{"line":157,"column":29}},"loc":{"start":{"line":157,"column":54},"end":{"line":202,"column":1}},"line":157}},"branchMap":{"0":{"loc":{"start":{"line":31,"column":4},"end":{"line":34,"column":67}},"type":"if","locations":[{"start":{"line":31,"column":4},"end":{"line":34,"column":67}},{"start":{"line":34,"column":6},"end":{"line":34,"column":67}}],"line":31},"1":{"loc":{"start":{"line":38,"column":17},"end":{"line":38,"column":137}},"type":"cond-expr","locations":[{"start":{"line":38,"column":31},"end":{"line":38,"column":82}},{"start":{"line":38,"column":85},"end":{"line":38,"column":137}}],"line":38},"2":{"loc":{"start":{"line":73,"column":2},"end":{"line":75,"column":3}},"type":"if","locations":[{"start":{"line":73,"column":2},"end":{"line":75,"column":3}},{"start":{},"end":{}}],"line":73},"3":{"loc":{"start":{"line":81,"column":4},"end":{"line":86,"column":79}},"type":"if","locations":[{"start":{"line":81,"column":4},"end":{"line":86,"column":79}},{"start":{"line":85,"column":6},"end":{"line":86,"column":79}}],"line":81},"4":{"loc":{"start":{"line":120,"column":2},"end":{"line":123,"column":3}},"type":"if","locations":[{"start":{"line":120,"column":2},"end":{"line":123,"column":3}},{"start":{},"end":{}}],"line":120},"5":{"loc":{"start":{"line":130,"column":4},"end":{"line":133,"column":5}},"type":"if","locations":[{"start":{"line":130,"column":4},"end":{"line":133,"column":5}},{"start":{},"end":{}}],"line":130},"6":{"loc":{"start":{"line":140,"column":4},"end":{"line":143,"column":5}},"type":"if","locations":[{"start":{"line":140,"column":4},"end":{"line":143,"column":5}},{"start":{},"end":{}}],"line":140},"7":{"loc":{"start":{"line":169,"column":2},"end":{"line":171,"column":3}},"type":"if","locations":[{"start":{"line":169,"column":2},"end":{"line":171,"column":3}},{"start":{},"end":{}}],"line":169},"8":{"loc":{"start":{"line":178,"column":4},"end":{"line":181,"column":5}},"type":"if","locations":[{"start":{"line":178,"column":4},"end":{"line":181,"column":5}},{"start":{},"end":{}}],"line":178},"9":{"loc":{"start":{"line":187,"column":4},"end":{"line":190,"column":5}},"type":"if","locations":[{"start":{"line":187,"column":4},"end":{"line":190,"column":5}},{"start":{},"end":{}}],"line":187}},"s":{"0":2,"1":2,"2":2,"3":2,"4":2,"5":1,"6":1,"7":2,"8":2,"9":2,"10":2,"11":3,"12":3,"13":3,"14":3,"15":1,"16":2,"17":3,"18":3,"19":0,"20":0,"21":2,"22":2,"23":2,"24":2,"25":1,"26":1,"27":2,"28":3,"29":3,"30":3,"31":3,"32":0,"33":3,"34":3,"35":3,"36":1,"37":2,"38":3,"39":3,"40":0,"41":0,"42":2,"43":20,"44":20,"45":20,"46":20,"47":0,"48":20,"49":20,"50":20,"51":0,"52":0,"53":20,"54":20,"55":20,"56":0,"57":0,"58":20,"59":20,"60":0,"61":0,"62":2,"63":5,"64":5,"65":5,"66":5,"67":0,"68":5,"69":5,"70":5,"71":0,"72":0,"73":5,"74":5,"75":0,"76":0,"77":5,"78":5,"79":0,"80":0},"f":{"0":1,"1":2,"2":3,"3":2,"4":1,"5":3,"6":20,"7":5},"b":{"0":[1,2],"1":[1,2],"2":[0,3],"3":[1,2],"4":[0,20],"5":[0,20],"6":[0,20],"7":[0,5],"8":[0,5],"9":[0,5]},"_coverageSchema":"1a1c01bbd47fc00a2c39e90264f33305004495a9","hash":"9b61fa8d6d83e8775b64ee42ad7a3379325a63a7"}
,"D:\\NodeApp\\ASample\\src\\modules\\product\\product.routes.js": {"path":"D:\\NodeApp\\ASample\\src\\modules\\product\\product.routes.js","statementMap":{"0":{"start":{"line":1,"column":16},"end":{"line":1,"column":34}},"1":{"start":{"line":4,"column":19},"end":{"line":4,"column":50}},"2":{"start":{"line":7,"column":13},"end":{"line":7,"column":48}},"3":{"start":{"line":8,"column":22},"end":{"line":8,"column":66}},"4":{"start":{"line":10,"column":15},"end":{"line":10,"column":31}},"5":{"start":{"line":12,"column":0},"end":{"line":16,"column":52}},"6":{"start":{"line":17,"column":0},"end":{"line":19,"column":57}},"7":{"start":{"line":22,"column":0},"end":{"line":26,"column":53}},"8":{"start":{"line":27,"column":0},"end":{"line":29,"column":58}},"9":{"start":{"line":32,"column":0},"end":{"line":37,"column":51}},"10":{"start":{"line":38,"column":0},"end":{"line":43,"column":60}},"11":{"start":{"line":45,"column":0},"end":{"line":45,"column":24}}},"fnMap":{},"branchMap":{},"s":{"0":2,"1":2,"2":2,"3":2,"4":2,"5":2,"6":2,"7":2,"8":2,"9":2,"10":2,"11":2},"f":{},"b":{},"_coverageSchema":"1a1c01bbd47fc00a2c39e90264f33305004495a9","hash":"14e36ceca3569e4361619bd469ee72daf7088040"}
,"D:\\NodeApp\\ASample\\src\\modules\\product\\product.validators.js": {"path":"D:\\NodeApp\\ASample\\src\\modules\\product\\product.validators.js","statementMap":{"0":{"start":{"line":1,"column":12},"end":{"line":1,"column":26}},"1":{"start":{"line":3,"column":0},"end":{"line":14,"column":3}},"2":{"start":{"line":15,"column":0},"end":{"line":21,"column":3}},"3":{"start":{"line":22,"column":0},"end":{"line":33,"column":3}}},"fnMap":{},"branchMap":{},"s":{"0":2,"1":2,"2":2,"3":2},"f":{},"b":{},"_coverageSchema":"1a1c01bbd47fc00a2c39e90264f33305004495a9","hash":"513cc1742480b04af860e57c47d0fc8e34f40c79"}
,"D:\\NodeApp\\ASample\\src\\startup\\db.js": {"path":"D:\\NodeApp\\ASample\\src\\startup\\db.js","statementMap":{"0":{"start":{"line":1,"column":17},"end":{"line":1,"column":36}},"1":{"start":{"line":2,"column":30},"end":{"line":2,"column":49}},"2":{"start":{"line":3,"column":21},"end":{"line":3,"column":49}},"3":{"start":{"line":4,"column":18},"end":{"line":4,"column":43}},"4":{"start":{"line":6,"column":18},"end":{"line":25,"column":1}},"5":{"start":{"line":7,"column":3},"end":{"line":15,"column":4}},"6":{"start":{"line":8,"column":6},"end":{"line":8,"column":52}},"7":{"start":{"line":9,"column":6},"end":{"line":9,"column":84}},"8":{"start":{"line":11,"column":6},"end":{"line":11,"column":55}},"9":{"start":{"line":12,"column":6},"end":{"line":12,"column":42}},"10":{"start":{"line":13,"column":6},"end":{"line":13,"column":16}},"11":{"start":{"line":26,"column":20},"end":{"line":31,"column":1}},"12":{"start":{"line":27,"column":3},"end":{"line":27,"column":34}},"13":{"start":{"line":28,"column":3},"end":{"line":28,"column":37}},"14":{"start":{"line":29,"column":3},"end":{"line":29,"column":54}},"15":{"start":{"line":30,"column":3},"end":{"line":30,"column":51}},"16":{"start":{"line":32,"column":0},"end":{"line":32,"column":43}}},"fnMap":{"0":{"name":"(anonymous_0)","decl":{"start":{"line":6,"column":18},"end":{"line":6,"column":19}},"loc":{"start":{"line":6,"column":36},"end":{"line":25,"column":1}},"line":6},"1":{"name":"(anonymous_1)","decl":{"start":{"line":26,"column":20},"end":{"line":26,"column":21}},"loc":{"start":{"line":26,"column":39},"end":{"line":31,"column":1}},"line":26}},"branchMap":{},"s":{"0":2,"1":2,"2":2,"3":2,"4":2,"5":2,"6":2,"7":2,"8":0,"9":0,"10":0,"11":2,"12":3,"13":3,"14":3,"15":3,"16":2},"f":{"0":2,"1":3},"b":{},"_coverageSchema":"1a1c01bbd47fc00a2c39e90264f33305004495a9","hash":"4843985aee60297753f1b516e0ab3ff85151e271"}
,"D:\\NodeApp\\ASample\\src\\startup\\exceptions.js": {"path":"D:\\NodeApp\\ASample\\src\\startup\\exceptions.js","statementMap":{"0":{"start":{"line":2,"column":16},"end":{"line":2,"column":35}},"1":{"start":{"line":4,"column":0},"end":{"line":13,"column":1}},"2":{"start":{"line":5,"column":3},"end":{"line":12,"column":6}},"3":{"start":{"line":6,"column":6},"end":{"line":6,"column":54}},"4":{"start":{"line":7,"column":6},"end":{"line":7,"column":53}},"5":{"start":{"line":11,"column":6},"end":{"line":11,"column":15}}},"fnMap":{"0":{"name":"(anonymous_0)","decl":{"start":{"line":4,"column":17},"end":{"line":4,"column":18}},"loc":{"start":{"line":4,"column":23},"end":{"line":13,"column":1}},"line":4},"1":{"name":"(anonymous_1)","decl":{"start":{"line":5,"column":36},"end":{"line":5,"column":37}},"loc":{"start":{"line":5,"column":44},"end":{"line":12,"column":4}},"line":5}},"branchMap":{},"s":{"0":2,"1":2,"2":2,"3":0,"4":0,"5":0},"f":{"0":2,"1":0},"b":{},"_coverageSchema":"1a1c01bbd47fc00a2c39e90264f33305004495a9","hash":"ece3adc4f24ddd2cf77fe04a6cf2e6d1b3697594"}
,"D:\\NodeApp\\ASample\\src\\startup\\logger.js": {"path":"D:\\NodeApp\\ASample\\src\\startup\\logger.js","statementMap":{"0":{"start":{"line":1,"column":16},"end":{"line":1,"column":34}},"1":{"start":{"line":2,"column":45},"end":{"line":2,"column":52}},"2":{"start":{"line":8,"column":19},"end":{"line":8,"column":23}},"3":{"start":{"line":10,"column":6},"end":{"line":24,"column":7}},"4":{"start":{"line":11,"column":9},"end":{"line":23,"column":12}},"5":{"start":{"line":25,"column":6},"end":{"line":25,"column":13}},"6":{"start":{"line":28,"column":6},"end":{"line":28,"column":40}},"7":{"start":{"line":31,"column":6},"end":{"line":31,"column":40}},"8":{"start":{"line":35,"column":0},"end":{"line":35,"column":24}}},"fnMap":{"0":{"name":"(anonymous_0)","decl":{"start":{"line":9,"column":3},"end":{"line":9,"column":4}},"loc":{"start":{"line":9,"column":23},"end":{"line":26,"column":4}},"line":9},"1":{"name":"(anonymous_1)","decl":{"start":{"line":27,"column":3},"end":{"line":27,"column":4}},"loc":{"start":{"line":27,"column":27},"end":{"line":29,"column":4}},"line":27},"2":{"name":"(anonymous_2)","decl":{"start":{"line":30,"column":3},"end":{"line":30,"column":4}},"loc":{"start":{"line":30,"column":27},"end":{"line":32,"column":4}},"line":30}},"branchMap":{"0":{"loc":{"start":{"line":10,"column":6},"end":{"line":24,"column":7}},"type":"if","locations":[{"start":{"line":10,"column":6},"end":{"line":24,"column":7}},{"start":{},"end":{}}],"line":10}},"s":{"0":2,"1":2,"2":2,"3":0,"4":0,"5":0,"6":0,"7":0,"8":2},"f":{"0":0,"1":0,"2":0},"b":{"0":[0,0]},"_coverageSchema":"1a1c01bbd47fc00a2c39e90264f33305004495a9","hash":"00f709a77394878b945eaf51039e65fa28e45347"}
,"D:\\NodeApp\\ASample\\src\\startup\\mailer.js": {"path":"D:\\NodeApp\\ASample\\src\\startup\\mailer.js","statementMap":{"0":{"start":{"line":2,"column":19},"end":{"line":2,"column":40}},"1":{"start":{"line":8,"column":24},"end":{"line":8,"column":28}},"2":{"start":{"line":10,"column":6},"end":{"line":20,"column":7}},"3":{"start":{"line":11,"column":9},"end":{"line":18,"column":12}},"4":{"start":{"line":21,"column":6},"end":{"line":21,"column":14}},"5":{"start":{"line":25,"column":5},"end":{"line":25,"column":60}},"6":{"start":{"line":28,"column":0},"end":{"line":28,"column":24}}},"fnMap":{"0":{"name":"(anonymous_0)","decl":{"start":{"line":9,"column":3},"end":{"line":9,"column":4}},"loc":{"start":{"line":9,"column":23},"end":{"line":22,"column":4}},"line":9},"1":{"name":"(anonymous_1)","decl":{"start":{"line":24,"column":3},"end":{"line":24,"column":4}},"loc":{"start":{"line":24,"column":39},"end":{"line":26,"column":4}},"line":24}},"branchMap":{"0":{"loc":{"start":{"line":10,"column":6},"end":{"line":20,"column":7}},"type":"if","locations":[{"start":{"line":10,"column":6},"end":{"line":20,"column":7}},{"start":{},"end":{}}],"line":10}},"s":{"0":2,"1":2,"2":0,"3":0,"4":0,"5":0,"6":2},"f":{"0":0,"1":0},"b":{"0":[0,0]},"_coverageSchema":"1a1c01bbd47fc00a2c39e90264f33305004495a9","hash":"52b3b2e4307a1ce10c7a896a851c245904291538"}
,"D:\\NodeApp\\ASample\\src\\startup\\routes.js": {"path":"D:\\NodeApp\\ASample\\src\\startup\\routes.js","statementMap":{"0":{"start":{"line":2,"column":25},"end":{"line":2,"column":63}},"1":{"start":{"line":3,"column":21},"end":{"line":3,"column":59}},"2":{"start":{"line":4,"column":19},"end":{"line":4,"column":57}},"3":{"start":{"line":5,"column":22},"end":{"line":5,"column":66}},"4":{"start":{"line":9,"column":0},"end":{"line":17,"column":1}},"5":{"start":{"line":10,"column":2},"end":{"line":10,"column":38}},"6":{"start":{"line":11,"column":2},"end":{"line":11,"column":32}},"7":{"start":{"line":14,"column":2},"end":{"line":14,"column":24}},"8":{"start":{"line":16,"column":2},"end":{"line":16,"column":24}}},"fnMap":{"0":{"name":"(anonymous_0)","decl":{"start":{"line":9,"column":17},"end":{"line":9,"column":18}},"loc":{"start":{"line":9,"column":32},"end":{"line":17,"column":1}},"line":9}},"branchMap":{},"s":{"0":2,"1":2,"2":2,"3":2,"4":2,"5":2,"6":2,"7":2,"8":2},"f":{"0":2},"b":{},"_coverageSchema":"1a1c01bbd47fc00a2c39e90264f33305004495a9","hash":"2422b96694d669b9ba9ab6765292c014b79e4eb5"}
,"D:\\NodeApp\\ASample\\src\\utils\\detectValidationErrors.js": {"path":"D:\\NodeApp\\ASample\\src\\utils\\detectValidationErrors.js","statementMap":{"0":{"start":{"line":1,"column":26},"end":{"line":1,"column":55}},"1":{"start":{"line":2,"column":0},"end":{"line":13,"column":1}},"2":{"start":{"line":3,"column":3},"end":{"line":12,"column":4}},"3":{"start":{"line":5,"column":20},"end":{"line":5,"column":69}},"4":{"start":{"line":5,"column":50},"end":{"line":5,"column":59}},"5":{"start":{"line":6,"column":16},"end":{"line":6,"column":42}},"6":{"start":{"line":7,"column":6},"end":{"line":7,"column":33}},"7":{"start":{"line":8,"column":6},"end":{"line":8,"column":64}},"8":{"start":{"line":9,"column":6},"end":{"line":9,"column":18}},"9":{"start":{"line":11,"column":6},"end":{"line":11,"column":19}}},"fnMap":{"0":{"name":"(anonymous_0)","decl":{"start":{"line":2,"column":33},"end":{"line":2,"column":34}},"loc":{"start":{"line":2,"column":56},"end":{"line":13,"column":1}},"line":2},"1":{"name":"(anonymous_1)","decl":{"start":{"line":5,"column":45},"end":{"line":5,"column":46}},"loc":{"start":{"line":5,"column":50},"end":{"line":5,"column":59}},"line":5}},"branchMap":{"0":{"loc":{"start":{"line":3,"column":3},"end":{"line":12,"column":4}},"type":"if","locations":[{"start":{"line":3,"column":3},"end":{"line":12,"column":4}},{"start":{"line":10,"column":10},"end":{"line":12,"column":4}}],"line":3}},"s":{"0":2,"1":2,"2":36,"3":0,"4":0,"5":0,"6":0,"7":0,"8":0,"9":36},"f":{"0":36,"1":0},"b":{"0":[0,36]},"_coverageSchema":"1a1c01bbd47fc00a2c39e90264f33305004495a9","hash":"447e5219088a4b068240d84ff6d0cd4981b7b4a9"}
,"D:\\NodeApp\\ASample\\src\\utils\\responses.js": {"path":"D:\\NodeApp\\ASample\\src\\utils\\responses.js","statementMap":{"0":{"start":{"line":2,"column":15},"end":{"line":2,"column":43}},"1":{"start":{"line":5,"column":24},"end":{"line":9,"column":1}},"2":{"start":{"line":6,"column":2},"end":{"line":8,"column":60}},"3":{"start":{"line":12,"column":22},"end":{"line":18,"column":1}},"4":{"start":{"line":13,"column":2},"end":{"line":13,"column":45}},"5":{"start":{"line":14,"column":2},"end":{"line":14,"column":64}},"6":{"start":{"line":15,"column":2},"end":{"line":17,"column":72}},"7":{"start":{"line":21,"column":0},"end":{"line":24,"column":2}}},"fnMap":{"0":{"name":"(anonymous_0)","decl":{"start":{"line":5,"column":24},"end":{"line":5,"column":25}},"loc":{"start":{"line":5,"column":57},"end":{"line":9,"column":1}},"line":5},"1":{"name":"(anonymous_1)","decl":{"start":{"line":12,"column":22},"end":{"line":12,"column":23}},"loc":{"start":{"line":12,"column":58},"end":{"line":18,"column":1}},"line":12}},"branchMap":{"0":{"loc":{"start":{"line":5,"column":30},"end":{"line":5,"column":46}},"type":"default-arg","locations":[{"start":{"line":5,"column":43},"end":{"line":5,"column":46}}],"line":5}},"s":{"0":2,"1":2,"2":38,"3":2,"4":1,"5":1,"6":1,"7":2},"f":{"0":38,"1":1},"b":{"0":[0]},"_coverageSchema":"1a1c01bbd47fc00a2c39e90264f33305004495a9","hash":"4d68fbd8489898c9db066960cb601cbf0bc8a6c3"}
}
