TN:
SF:src\server.js
FN:26,(anonymous_0)
FNF:1
FNH:1
FNDA:2,(anonymous_0)
DA:1,2
DA:2,2
DA:3,2
DA:4,2
DA:5,2
DA:6,2
DA:9,2
DA:10,2
DA:11,2
DA:12,2
DA:14,2
DA:17,2
DA:18,2
DA:19,2
DA:20,2
DA:23,2
DA:25,2
DA:26,2
DA:27,2
DA:29,2
LF:20
LH:20
BRDA:25,0,0,2
BRDA:25,0,1,0
BRF:2
BRH:1
end_of_record
TN:
SF:src\middlewares\accountVerify.js
FN:5,(anonymous_0)
FNF:1
FNH:1
FNDA:31,(anonymous_0)
DA:3,2
DA:5,2
DA:6,31
DA:7,31
DA:9,31
DA:10,0
DA:11,0
DA:15,31
DA:17,0
DA:18,0
LF:10
LH:6
BRDA:9,0,0,0
BRDA:9,0,1,31
BRF:2
BRH:1
end_of_record
TN:
SF:src\middlewares\auth.js
FN:7,(anonymous_0)
FNF:1
FNH:1
FNDA:31,(anonymous_0)
DA:1,2
DA:2,2
DA:3,2
DA:5,2
DA:7,2
DA:10,31
DA:11,31
DA:12,0
DA:13,0
DA:17,31
DA:19,31
DA:20,31
DA:21,31
DA:23,0
DA:24,0
DA:27,31
DA:28,31
DA:30,31
DA:31,0
DA:32,0
DA:34,31
DA:35,31
DA:36,0
DA:37,0
DA:40,31
DA:41,31
DA:42,31
DA:45,31
DA:48,0
DA:49,0
LF:30
LH:20
BRDA:11,0,0,0
BRDA:11,0,1,31
BRDA:30,1,0,0
BRDA:30,1,1,31
BRDA:35,2,0,0
BRDA:35,2,1,31
BRF:6
BRH:3
end_of_record
TN:
SF:src\middlewares\errorHandler.js
FN:2,(anonymous_0)
FNF:1
FNH:0
FNDA:0,(anonymous_0)
DA:1,2
DA:2,2
DA:3,0
LF:3
LH:2
BRF:0
BRH:0
end_of_record
TN:
SF:src\middlewares\headers.js
FN:1,(anonymous_0)
FNF:1
FNH:1
FNDA:39,(anonymous_0)
DA:1,2
DA:2,39
DA:3,39
DA:4,39
DA:5,39
LF:5
LH:5
BRF:0
BRH:0
end_of_record
TN:
SF:src\middlewares\notFoundPath.js
FN:1,(anonymous_0)
FNF:1
FNH:0
FNDA:0,(anonymous_0)
DA:1,2
DA:2,0
DA:3,0
LF:3
LH:1
BRF:0
BRH:0
end_of_record
TN:
SF:src\models\Product.js
FNF:0
FNH:0
DA:1,2
DA:3,2
DA:27,2
DA:29,2
LF:4
LH:4
BRF:0
BRH:0
end_of_record
TN:
SF:src\models\User.js
FN:48,(anonymous_0)
FNF:1
FNH:1
FNDA:3,(anonymous_0)
DA:1,2
DA:2,2
DA:4,2
DA:48,2
DA:49,3
DA:51,3
DA:53,0
DA:57,2
DA:59,2
LF:9
LH:8
BRF:0
BRH:0
end_of_record
TN:
SF:src\modules\auth\auth.controller.js
FN:22,(anonymous_0)
FN:95,(anonymous_1)
FN:144,(anonymous_2)
FN:191,(anonymous_3)
FN:257,(anonymous_4)
FNF:5
FNH:3
FNDA:3,(anonymous_0)
FNDA:2,(anonymous_1)
FNDA:0,(anonymous_2)
FNDA:0,(anonymous_3)
FNDA:3,(anonymous_4)
DA:1,2
DA:2,2
DA:3,2
DA:4,2
DA:6,2
DA:8,2
DA:10,2
DA:18,2
DA:22,2
DA:25,3
DA:27,3
DA:30,3
DA:33,3
DA:34,3
DA:36,3
DA:37,0
DA:38,0
DA:43,3
DA:47,3
DA:48,3
DA:53,3
DA:54,3
DA:55,0
DA:56,0
DA:61,3
DA:62,3
DA:74,3
DA:75,3
DA:77,0
DA:78,0
DA:83,3
DA:87,3
DA:90,0
DA:91,0
DA:95,2
DA:99,2
DA:100,2
DA:102,2
DA:105,2
DA:108,2
DA:110,2
DA:111,0
DA:112,0
DA:115,2
DA:117,2
DA:118,0
DA:119,0
DA:123,2
DA:129,2
DA:135,2
DA:138,0
DA:139,0
DA:144,2
DA:147,0
DA:148,0
DA:151,0
DA:153,0
DA:156,0
DA:161,0
DA:162,0
DA:163,0
DA:165,0
DA:166,0
DA:173,0
DA:174,0
DA:175,0
DA:177,0
DA:183,0
DA:186,0
DA:187,0
DA:191,2
DA:195,0
DA:196,0
DA:197,0
DA:199,0
DA:200,0
DA:201,0
DA:202,0
DA:203,0
DA:206,0
DA:209,0
DA:215,0
DA:216,0
DA:217,0
DA:222,0
DA:223,0
DA:236,0
DA:237,0
DA:239,0
DA:240,0
DA:243,0
DA:249,0
DA:252,0
DA:253,0
DA:257,2
DA:260,3
DA:262,3
DA:265,3
DA:266,3
DA:271,3
DA:274,3
DA:280,3
DA:281,1
DA:282,1
DA:287,2
DA:288,2
DA:289,0
DA:290,0
DA:294,2
DA:300,2
DA:303,0
DA:304,0
LF:112
LH:54
BRDA:30,0,0,0
BRDA:30,0,1,3
BRDA:36,1,0,0
BRDA:36,1,1,3
BRDA:54,2,0,0
BRDA:54,2,1,3
BRDA:105,3,0,0
BRDA:105,3,1,2
BRDA:110,4,0,0
BRDA:110,4,1,2
BRDA:117,5,0,0
BRDA:117,5,1,2
BRDA:151,6,0,0
BRDA:151,6,1,0
BRDA:161,7,0,0
BRDA:161,7,1,0
BRDA:173,8,0,0
BRDA:173,8,1,0
BRDA:197,9,0,0
BRDA:197,9,1,0
BRDA:201,10,0,0
BRDA:201,10,1,0
BRDA:215,11,0,0
BRDA:215,11,1,0
BRDA:266,12,0,0
BRDA:266,12,1,3
BRDA:280,13,0,1
BRDA:280,13,1,2
BRDA:288,14,0,0
BRDA:288,14,1,2
BRF:30
BRH:10
end_of_record
TN:
SF:src\modules\auth\auth.routes.js
FNF:0
FNH:0
DA:1,2
DA:2,2
DA:5,2
DA:7,2
DA:11,2
DA:15,2
DA:19,2
DA:23,2
DA:27,2
LF:9
LH:9
BRF:0
BRH:0
end_of_record
TN:
SF:src\modules\auth\auth.validator.js
FNF:0
FNH:0
DA:1,2
DA:3,2
DA:15,2
DA:22,2
DA:32,2
DA:37,2
LF:6
LH:6
BRF:0
BRH:0
end_of_record
TN:
SF:src\modules\product\product.controller.js
FN:18,(anonymous_0)
FN:22,(anonymous_1)
FN:26,(anonymous_2)
FN:53,(anonymous_3)
FN:57,(anonymous_4)
FN:61,(anonymous_5)
FN:105,(anonymous_6)
FN:157,(anonymous_7)
FNF:8
FNH:8
FNDA:1,(anonymous_0)
FNDA:2,(anonymous_1)
FNDA:3,(anonymous_2)
FNDA:2,(anonymous_3)
FNDA:1,(anonymous_4)
FNDA:3,(anonymous_5)
FNDA:20,(anonymous_6)
FNDA:5,(anonymous_7)
DA:2,2
DA:3,2
DA:5,2
DA:9,2
DA:18,2
DA:19,1
DA:20,1
DA:22,2
DA:23,2
DA:24,2
DA:26,2
DA:27,3
DA:28,3
DA:30,3
DA:31,3
DA:32,1
DA:34,2
DA:36,3
DA:41,3
DA:44,0
DA:45,0
DA:53,2
DA:54,2
DA:55,2
DA:57,2
DA:58,1
DA:59,1
DA:61,2
DA:62,3
DA:63,3
DA:65,3
DA:73,3
DA:74,0
DA:77,3
DA:80,3
DA:81,3
DA:82,1
DA:85,2
DA:89,3
DA:93,3
DA:96,0
DA:97,0
DA:105,2
DA:111,20
DA:112,20
DA:114,20
DA:120,20
DA:122,0
DA:125,20
DA:127,20
DA:130,20
DA:131,0
DA:132,0
DA:136,20
DA:139,20
DA:140,20
DA:141,0
DA:142,0
DA:145,20
DA:149,20
DA:152,0
DA:153,0
DA:157,2
DA:162,5
DA:163,5
DA:165,5
DA:169,5
DA:170,0
DA:173,5
DA:175,5
DA:178,5
DA:179,0
DA:180,0
DA:184,5
DA:187,5
DA:188,0
DA:189,0
DA:192,5
DA:196,5
DA:199,0
DA:200,0
LF:81
LH:62
BRDA:31,0,0,1
BRDA:31,0,1,2
BRDA:38,1,0,1
BRDA:38,1,1,2
BRDA:73,2,0,0
BRDA:73,2,1,3
BRDA:81,3,0,1
BRDA:81,3,1,2
BRDA:120,4,0,0
BRDA:120,4,1,20
BRDA:130,5,0,0
BRDA:130,5,1,20
BRDA:140,6,0,0
BRDA:140,6,1,20
BRDA:169,7,0,0
BRDA:169,7,1,5
BRDA:178,8,0,0
BRDA:178,8,1,5
BRDA:187,9,0,0
BRDA:187,9,1,5
BRF:20
BRH:13
end_of_record
TN:
SF:src\modules\product\product.routes.js
FNF:0
FNH:0
DA:1,2
DA:4,2
DA:7,2
DA:8,2
DA:10,2
DA:12,2
DA:17,2
DA:22,2
DA:27,2
DA:32,2
DA:38,2
DA:45,2
LF:12
LH:12
BRF:0
BRH:0
end_of_record
TN:
SF:src\modules\product\product.validators.js
FNF:0
FNH:0
DA:1,2
DA:3,2
DA:15,2
DA:22,2
LF:4
LH:4
BRF:0
BRH:0
end_of_record
TN:
SF:src\startup\db.js
FN:6,(anonymous_0)
FN:26,(anonymous_1)
FNF:2
FNH:2
FNDA:2,(anonymous_0)
FNDA:3,(anonymous_1)
DA:1,2
DA:2,2
DA:3,2
DA:4,2
DA:6,2
DA:7,2
DA:8,2
DA:9,2
DA:11,0
DA:12,0
DA:13,0
DA:26,2
DA:27,3
DA:28,3
DA:29,3
DA:30,3
DA:32,2
LF:17
LH:14
BRF:0
BRH:0
end_of_record
TN:
SF:src\startup\exceptions.js
FN:4,(anonymous_0)
FN:5,(anonymous_1)
FNF:2
FNH:1
FNDA:2,(anonymous_0)
FNDA:0,(anonymous_1)
DA:2,2
DA:4,2
DA:5,2
DA:6,0
DA:7,0
DA:11,0
LF:6
LH:3
BRF:0
BRH:0
end_of_record
TN:
SF:src\startup\logger.js
FN:9,(anonymous_0)
FN:27,(anonymous_1)
FN:30,(anonymous_2)
FNF:3
FNH:0
FNDA:0,(anonymous_0)
FNDA:0,(anonymous_1)
FNDA:0,(anonymous_2)
DA:1,2
DA:2,2
DA:8,2
DA:10,0
DA:11,0
DA:25,0
DA:28,0
DA:31,0
DA:35,2
LF:9
LH:4
BRDA:10,0,0,0
BRDA:10,0,1,0
BRF:2
BRH:0
end_of_record
TN:
SF:src\startup\mailer.js
FN:9,(anonymous_0)
FN:24,(anonymous_1)
FNF:2
FNH:0
FNDA:0,(anonymous_0)
FNDA:0,(anonymous_1)
DA:2,2
DA:8,2
DA:10,0
DA:11,0
DA:21,0
DA:25,0
DA:28,2
LF:7
LH:3
BRDA:10,0,0,0
BRDA:10,0,1,0
BRF:2
BRH:0
end_of_record
TN:
SF:src\startup\routes.js
FN:9,(anonymous_0)
FNF:1
FNH:1
FNDA:2,(anonymous_0)
DA:2,2
DA:3,2
DA:4,2
DA:5,2
DA:9,2
DA:10,2
DA:11,2
DA:14,2
DA:16,2
LF:9
LH:9
BRF:0
BRH:0
end_of_record
TN:
SF:src\utils\detectValidationErrors.js
FN:2,(anonymous_0)
FN:5,(anonymous_1)
FNF:2
FNH:1
FNDA:36,(anonymous_0)
FNDA:0,(anonymous_1)
DA:1,2
DA:2,2
DA:3,36
DA:5,0
DA:6,0
DA:7,0
DA:8,0
DA:9,0
DA:11,36
LF:9
LH:4
BRDA:3,0,0,0
BRDA:3,0,1,36
BRF:2
BRH:1
end_of_record
TN:
SF:src\utils\responses.js
FN:5,(anonymous_0)
FN:12,(anonymous_1)
FNF:2
FNH:2
FNDA:38,(anonymous_0)
FNDA:1,(anonymous_1)
DA:2,2
DA:5,2
DA:6,38
DA:12,2
DA:13,1
DA:14,1
DA:15,1
DA:21,2
LF:8
LH:8
BRDA:5,0,0,0
BRF:1
BRH:0
end_of_record
